Dec 13, 2013 6:42:06 PM GenerateRSSM main
INFO: Connecting to idmappers
Dec 13, 2013 6:42:07 PM DefaultMBeanServerInterceptor registerMBean
FINER: ObjectName = JMImplementation:type=MBeanServerDelegate
Dec 13, 2013 6:42:07 PM Repository addMBean
FINER: name=JMImplementation:type=MBeanServerDelegate
Dec 13, 2013 6:42:07 PM DefaultMBeanServerInterceptor addObject
FINER: Send create notification of object JMImplementation:type=MBeanServerDelegate
Dec 13, 2013 6:42:07 PM DefaultMBeanServerInterceptor sendNotification
FINER: JMX.mbean.registered JMImplementation:type=MBeanServerDelegate
Dec 13, 2013 6:42:07 PM StandardMBean getMBeanInfo
FINER: Building MBeanInfo for sun.management.ClassLoadingImpl
Dec 13, 2013 6:42:07 PM DefaultMBeanServerInterceptor registerMBean
FINER: ObjectName = java.lang:type=ClassLoading
Dec 13, 2013 6:42:07 PM Repository addMBean
FINER: name=java.lang:type=ClassLoading
Dec 13, 2013 6:42:07 PM DefaultMBeanServerInterceptor addObject
FINER: Send create notification of object java.lang:type=ClassLoading
Dec 13, 2013 6:42:07 PM DefaultMBeanServerInterceptor sendNotification
FINER: JMX.mbean.registered java.lang:type=ClassLoading
Dec 13, 2013 6:42:07 PM StandardMBean getMBeanInfo
FINER: Building MBeanInfo for sun.management.MemoryImpl
Dec 13, 2013 6:42:07 PM DefaultMBeanServerInterceptor registerMBean
FINER: ObjectName = java.lang:type=Memory
Dec 13, 2013 6:42:07 PM Repository addMBean
FINER: name=java.lang:type=Memory
Dec 13, 2013 6:42:07 PM DefaultMBeanServerInterceptor addObject
FINER: Send create notification of object java.lang:type=Memory
Dec 13, 2013 6:42:07 PM DefaultMBeanServerInterceptor sendNotification
FINER: JMX.mbean.registered java.lang:type=Memory
Dec 13, 2013 6:42:07 PM StandardMBean getMBeanInfo
FINER: Building MBeanInfo for com.sun.management.UnixOperatingSystem
Dec 13, 2013 6:42:07 PM DefaultMBeanServerInterceptor registerMBean
FINER: ObjectName = java.lang:type=OperatingSystem
Dec 13, 2013 6:42:07 PM Repository addMBean
FINER: name=java.lang:type=OperatingSystem
Dec 13, 2013 6:42:07 PM DefaultMBeanServerInterceptor addObject
FINER: Send create notification of object java.lang:type=OperatingSystem
Dec 13, 2013 6:42:07 PM DefaultMBeanServerInterceptor sendNotification
FINER: JMX.mbean.registered java.lang:type=OperatingSystem
Dec 13, 2013 6:42:07 PM StandardMBean getMBeanInfo
FINER: Building MBeanInfo for sun.management.RuntimeImpl
Dec 13, 2013 6:42:07 PM DefaultMBeanServerInterceptor registerMBean
FINER: ObjectName = java.lang:type=Runtime
Dec 13, 2013 6:42:07 PM Repository addMBean
FINER: name=java.lang:type=Runtime
Dec 13, 2013 6:42:07 PM DefaultMBeanServerInterceptor addObject
FINER: Send create notification of object java.lang:type=Runtime
Dec 13, 2013 6:42:07 PM DefaultMBeanServerInterceptor sendNotification
FINER: JMX.mbean.registered java.lang:type=Runtime
Dec 13, 2013 6:42:07 PM StandardMBean getMBeanInfo
FINER: Building MBeanInfo for sun.management.ThreadImpl
Dec 13, 2013 6:42:07 PM DefaultMBeanServerInterceptor registerMBean
FINER: ObjectName = java.lang:type=Threading
Dec 13, 2013 6:42:07 PM Repository addMBean
FINER: name=java.lang:type=Threading
Dec 13, 2013 6:42:07 PM DefaultMBeanServerInterceptor addObject
FINER: Send create notification of object java.lang:type=Threading
Dec 13, 2013 6:42:07 PM DefaultMBeanServerInterceptor sendNotification
FINER: JMX.mbean.registered java.lang:type=Threading
Dec 13, 2013 6:42:07 PM StandardMBean getMBeanInfo
FINER: Building MBeanInfo for sun.management.HotSpotDiagnostic
Dec 13, 2013 6:42:07 PM DefaultMBeanServerInterceptor registerMBean
FINER: ObjectName = com.sun.management:type=HotSpotDiagnostic
Dec 13, 2013 6:42:07 PM Repository addMBean
FINER: name=com.sun.management:type=HotSpotDiagnostic
Dec 13, 2013 6:42:07 PM DefaultMBeanServerInterceptor addObject
FINER: Send create notification of object com.sun.management:type=HotSpotDiagnostic
Dec 13, 2013 6:42:07 PM DefaultMBeanServerInterceptor sendNotification
FINER: JMX.mbean.registered com.sun.management:type=HotSpotDiagnostic
Dec 13, 2013 6:42:07 PM StandardMBean getMBeanInfo
FINER: Building MBeanInfo for sun.management.CompilationImpl
Dec 13, 2013 6:42:07 PM DefaultMBeanServerInterceptor registerMBean
FINER: ObjectName = java.lang:type=Compilation
Dec 13, 2013 6:42:07 PM Repository addMBean
FINER: name=java.lang:type=Compilation
Dec 13, 2013 6:42:07 PM DefaultMBeanServerInterceptor addObject
FINER: Send create notification of object java.lang:type=Compilation
Dec 13, 2013 6:42:07 PM DefaultMBeanServerInterceptor sendNotification
FINER: JMX.mbean.registered java.lang:type=Compilation
Dec 13, 2013 6:42:07 PM StandardMBean getMBeanInfo
FINER: Building MBeanInfo for sun.management.MemoryManagerImpl
Dec 13, 2013 6:42:07 PM DefaultMBeanServerInterceptor registerMBean
FINER: ObjectName = java.lang:type=MemoryManager,name=CodeCacheManager
Dec 13, 2013 6:42:07 PM Repository addMBean
FINER: name=java.lang:type=MemoryManager,name=CodeCacheManager
Dec 13, 2013 6:42:07 PM DefaultMBeanServerInterceptor addObject
FINER: Send create notification of object java.lang:name=CodeCacheManager,type=MemoryManager
Dec 13, 2013 6:42:07 PM DefaultMBeanServerInterceptor sendNotification
FINER: JMX.mbean.registered java.lang:type=MemoryManager,name=CodeCacheManager
Dec 13, 2013 6:42:07 PM StandardMBean getMBeanInfo
FINER: Building MBeanInfo for sun.management.GarbageCollectorImpl
Dec 13, 2013 6:42:07 PM DefaultMBeanServerInterceptor registerMBean
FINER: ObjectName = java.lang:type=GarbageCollector,name=PS Scavenge
Dec 13, 2013 6:42:07 PM Repository addMBean
FINER: name=java.lang:type=GarbageCollector,name=PS Scavenge
Dec 13, 2013 6:42:07 PM DefaultMBeanServerInterceptor addObject
FINER: Send create notification of object java.lang:name=PS Scavenge,type=GarbageCollector
Dec 13, 2013 6:42:07 PM DefaultMBeanServerInterceptor sendNotification
FINER: JMX.mbean.registered java.lang:type=GarbageCollector,name=PS Scavenge
Dec 13, 2013 6:42:07 PM StandardMBean getMBeanInfo
FINER: Building MBeanInfo for sun.management.GarbageCollectorImpl
Dec 13, 2013 6:42:07 PM DefaultMBeanServerInterceptor registerMBean
FINER: ObjectName = java.lang:type=GarbageCollector,name=PS MarkSweep
Dec 13, 2013 6:42:07 PM Repository addMBean
FINER: name=java.lang:type=GarbageCollector,name=PS MarkSweep
Dec 13, 2013 6:42:07 PM DefaultMBeanServerInterceptor addObject
FINER: Send create notification of object java.lang:name=PS MarkSweep,type=GarbageCollector
Dec 13, 2013 6:42:07 PM DefaultMBeanServerInterceptor sendNotification
FINER: JMX.mbean.registered java.lang:type=GarbageCollector,name=PS MarkSweep
Dec 13, 2013 6:42:07 PM StandardMBean getMBeanInfo
FINER: Building MBeanInfo for sun.management.MemoryPoolImpl
Dec 13, 2013 6:42:07 PM DefaultMBeanServerInterceptor registerMBean
FINER: ObjectName = java.lang:type=MemoryPool,name=Code Cache
Dec 13, 2013 6:42:07 PM Repository addMBean
FINER: name=java.lang:type=MemoryPool,name=Code Cache
Dec 13, 2013 6:42:07 PM DefaultMBeanServerInterceptor addObject
FINER: Send create notification of object java.lang:name=Code Cache,type=MemoryPool
Dec 13, 2013 6:42:07 PM DefaultMBeanServerInterceptor sendNotification
FINER: JMX.mbean.registered java.lang:type=MemoryPool,name=Code Cache
Dec 13, 2013 6:42:07 PM StandardMBean getMBeanInfo
FINER: Building MBeanInfo for sun.management.MemoryPoolImpl
Dec 13, 2013 6:42:07 PM DefaultMBeanServerInterceptor registerMBean
FINER: ObjectName = java.lang:type=MemoryPool,name=PS Eden Space
Dec 13, 2013 6:42:07 PM Repository addMBean
FINER: name=java.lang:type=MemoryPool,name=PS Eden Space
Dec 13, 2013 6:42:07 PM DefaultMBeanServerInterceptor addObject
FINER: Send create notification of object java.lang:name=PS Eden Space,type=MemoryPool
Dec 13, 2013 6:42:07 PM DefaultMBeanServerInterceptor sendNotification
FINER: JMX.mbean.registered java.lang:type=MemoryPool,name=PS Eden Space
Dec 13, 2013 6:42:07 PM StandardMBean getMBeanInfo
FINER: Building MBeanInfo for sun.management.MemoryPoolImpl
Dec 13, 2013 6:42:07 PM DefaultMBeanServerInterceptor registerMBean
FINER: ObjectName = java.lang:type=MemoryPool,name=PS Survivor Space
Dec 13, 2013 6:42:07 PM Repository addMBean
FINER: name=java.lang:type=MemoryPool,name=PS Survivor Space
Dec 13, 2013 6:42:07 PM DefaultMBeanServerInterceptor addObject
FINER: Send create notification of object java.lang:name=PS Survivor Space,type=MemoryPool
Dec 13, 2013 6:42:07 PM DefaultMBeanServerInterceptor sendNotification
FINER: JMX.mbean.registered java.lang:type=MemoryPool,name=PS Survivor Space
Dec 13, 2013 6:42:07 PM StandardMBean getMBeanInfo
FINER: Building MBeanInfo for sun.management.MemoryPoolImpl
Dec 13, 2013 6:42:07 PM DefaultMBeanServerInterceptor registerMBean
FINER: ObjectName = java.lang:type=MemoryPool,name=PS Old Gen
Dec 13, 2013 6:42:07 PM Repository addMBean
FINER: name=java.lang:type=MemoryPool,name=PS Old Gen
Dec 13, 2013 6:42:07 PM DefaultMBeanServerInterceptor addObject
FINER: Send create notification of object java.lang:name=PS Old Gen,type=MemoryPool
Dec 13, 2013 6:42:07 PM DefaultMBeanServerInterceptor sendNotification
FINER: JMX.mbean.registered java.lang:type=MemoryPool,name=PS Old Gen
Dec 13, 2013 6:42:07 PM StandardMBean getMBeanInfo
FINER: Building MBeanInfo for sun.management.MemoryPoolImpl
Dec 13, 2013 6:42:07 PM DefaultMBeanServerInterceptor registerMBean
FINER: ObjectName = java.lang:type=MemoryPool,name=PS Perm Gen
Dec 13, 2013 6:42:07 PM Repository addMBean
FINER: name=java.lang:type=MemoryPool,name=PS Perm Gen
Dec 13, 2013 6:42:07 PM DefaultMBeanServerInterceptor addObject
FINER: Send create notification of object java.lang:name=PS Perm Gen,type=MemoryPool
Dec 13, 2013 6:42:07 PM DefaultMBeanServerInterceptor sendNotification
FINER: JMX.mbean.registered java.lang:type=MemoryPool,name=PS Perm Gen
Dec 13, 2013 6:42:07 PM StandardMBean getMBeanInfo
FINER: Building MBeanInfo for java.util.logging.Logging
Dec 13, 2013 6:42:07 PM DefaultMBeanServerInterceptor registerMBean
FINER: ObjectName = java.util.logging:type=Logging
Dec 13, 2013 6:42:07 PM Repository addMBean
FINER: name=java.util.logging:type=Logging
Dec 13, 2013 6:42:07 PM DefaultMBeanServerInterceptor addObject
FINER: Send create notification of object java.util.logging:type=Logging
Dec 13, 2013 6:42:07 PM DefaultMBeanServerInterceptor sendNotification
FINER: JMX.mbean.registered java.util.logging:type=Logging
Dec 13, 2013 6:42:07 PM Repository contains
FINER: name=org.apache.derby:type=Management,system=c013800d-0142-ed0d-1743-000001a517a0
Dec 13, 2013 6:42:07 PM StandardMBean getMBeanInfo
FINER: Building MBeanInfo for org.apache.derby.impl.services.jmx.JMXManagementService
Dec 13, 2013 6:42:07 PM DefaultMBeanServerInterceptor registerMBean
FINER: ObjectName = org.apache.derby:type=Management,system=c013800d-0142-ed0d-1743-000001a517a0
Dec 13, 2013 6:42:07 PM Repository addMBean
FINER: name=org.apache.derby:type=Management,system=c013800d-0142-ed0d-1743-000001a517a0
Dec 13, 2013 6:42:07 PM DefaultMBeanServerInterceptor addObject
FINER: Send create notification of object org.apache.derby:system=c013800d-0142-ed0d-1743-000001a517a0,type=Management
Dec 13, 2013 6:42:07 PM DefaultMBeanServerInterceptor sendNotification
FINER: JMX.mbean.registered org.apache.derby:type=Management,system=c013800d-0142-ed0d-1743-000001a517a0
Dec 13, 2013 6:42:07 PM Repository contains
FINER: name=org.apache.derby:type=Version,jar=derby.jar,system=c013800d-0142-ed0d-1743-000001a517a0
Dec 13, 2013 6:42:07 PM StandardMBean getMBeanInfo
FINER: Building MBeanInfo for org.apache.derby.iapi.services.info.Version
Dec 13, 2013 6:42:07 PM DefaultMBeanServerInterceptor registerMBean
FINER: ObjectName = org.apache.derby:type=Version,jar=derby.jar,system=c013800d-0142-ed0d-1743-000001a517a0
Dec 13, 2013 6:42:07 PM Repository addMBean
FINER: name=org.apache.derby:type=Version,jar=derby.jar,system=c013800d-0142-ed0d-1743-000001a517a0
Dec 13, 2013 6:42:07 PM DefaultMBeanServerInterceptor addObject
FINER: Send create notification of object org.apache.derby:jar=derby.jar,system=c013800d-0142-ed0d-1743-000001a517a0,type=Version
Dec 13, 2013 6:42:07 PM DefaultMBeanServerInterceptor sendNotification
FINER: JMX.mbean.registered org.apache.derby:type=Version,jar=derby.jar,system=c013800d-0142-ed0d-1743-000001a517a0
Dec 13, 2013 6:42:07 PM Repository contains
FINER: name=org.apache.derby:type=JDBC,system=c013800d-0142-ed0d-1743-000001a517a0
Dec 13, 2013 6:42:07 PM StandardMBean getMBeanInfo
FINER: Building MBeanInfo for org.apache.derby.jdbc.JDBC
Dec 13, 2013 6:42:07 PM DefaultMBeanServerInterceptor registerMBean
FINER: ObjectName = org.apache.derby:type=JDBC,system=c013800d-0142-ed0d-1743-000001a517a0
Dec 13, 2013 6:42:07 PM Repository addMBean
FINER: name=org.apache.derby:type=JDBC,system=c013800d-0142-ed0d-1743-000001a517a0
Dec 13, 2013 6:42:07 PM DefaultMBeanServerInterceptor addObject
FINER: Send create notification of object org.apache.derby:system=c013800d-0142-ed0d-1743-000001a517a0,type=JDBC
Dec 13, 2013 6:42:07 PM DefaultMBeanServerInterceptor sendNotification
FINER: JMX.mbean.registered org.apache.derby:type=JDBC,system=c013800d-0142-ed0d-1743-000001a517a0
Dec 13, 2013 6:42:32 PM GenerateRSSM main
INFO: Updating pathways from http://www.wikipathways.org
